Compilación iniciada a las 15/12/2015 19:31:43.
     1>Proyecto "D:\Users\guillemtc\Documents\GitHub\BulletPhysics\3D Physics.vcxproj" en el nodo 2 (Build destinos).
     1>ClCompile:
         C:\Program Files (x86)\Microsoft Visual Studio 12.0\VC\bin\CL.exe /c /ZI /nologo /W3 /WX- /sdl- /Od /Oy- /D _MBCS /Gm /RTC1 /MDd /GS /fp:precise /Zc:wchar_t /Zc:forScope /Fo"Debug\\" /Fd"Debug\vc120.pdb" /Gd /TP /analyze- /errorReport:prompt ModulePlayer.cpp
         ModulePlayer.cpp
       Link:
         C:\Program Files (x86)\Microsoft Visual Studio 12.0\VC\bin\link.exe /ERRORREPORT:PROMPT /OUT:"D:\Users\guillemtc\Documents\GitHub\BulletPhysics\Debug\3D Physics - class5.exe" /INCREMENTAL /NOLOGO kernel32.lib user32.lib gdi32.lib winspool.lib comdlg32.lib advapi32.lib shell32.lib ole32.lib oleaut32.lib uuid.lib odbc32.lib odbccp32.lib /MANIFEST /MANIFESTUAC:"level='asInvoker' uiAccess='false'" /manifest:embed /DEBUG /PDB:"D:\Users\guillemtc\Documents\GitHub\BulletPhysics\Debug\3D Physics - class5.pdb" /SUBSYSTEM:WINDOWS /TLBID:1 /DYNAMICBASE /NXCOMPAT /IMPLIB:"D:\Users\guillemtc\Documents\GitHub\BulletPhysics\Debug\3D Physics - class5.lib" /MACHINE:X86 /SAFESEH:NO Debug\Application.obj
         Debug\Color.obj
         Debug\glmath.obj
         Debug\Light.obj
         Debug\log.obj
         Debug\Main.obj
         Debug\ModuleAudio.obj
         Debug\ModuleCamera3D.obj
         Debug\ModuleInput.obj
         Debug\ModulePhysics3D.obj
         Debug\ModulePlayer.obj
         Debug\ModuleRenderer3D.obj
         Debug\ModuleSceneIntro.obj
         Debug\ModuleWindow.obj
         Debug\PhysBody3D.obj
         Debug\PhysVehicle3D.obj
         Debug\Primitive.obj
         Debug\Timer.obj
         3D Physics.vcxproj -> D:\Users\guillemtc\Documents\GitHub\BulletPhysics\Debug\3D Physics - class5.exe
     1>Compilación del proyecto terminada "D:\Users\guillemtc\Documents\GitHub\BulletPhysics\3D Physics.vcxproj" (Build destinos).

Compilación correcta.

Tiempo transcurrido 00:00:02.17
